{
  "RSpec": {
    "coverage": {
      "/Users/benstein/Desktop/Git/datespot_backend/app/helpers/application_helper.rb": [
        1,
        null
      ],
      "/Users/benstein/Desktop/Git/datespot_backend/app/controllers/application_controller.rb": [
        1,
        null
      ],
      "/Users/benstein/Desktop/Git/datespot_backend/app/models/category.rb": [
        1,
        1,
        1,
        null
      ],
      "/Users/benstein/Desktop/Git/datespot_backend/app/models/application_record.rb": [
        1,
        1,
        null
      ],
      "/Users/benstein/Desktop/Git/datespot_backend/app/models/admin_user.rb": [
        1,
        null,
        null,
        1,
        null,
        null
      ],
      "/Users/benstein/Desktop/Git/datespot_backend/app/admin/admin_user.rb": [
        1,
        1,
        null,
        1,
        2,
        2,
        2,
        2,
        2,
        2,
        2,
        null,
        null,
        1,
        1,
        1,
        1,
        null,
        1,
        1,
        1,
        1,
        1,
        null,
        1,
        null,
        null,
        null
      ],
      "/Users/benstein/Desktop/Git/datespot_backend/app/admin/category.rb": [
        1,
        1,
        null,
        1,
        0,
        0,
        null,
        null,
        null,
        1,
        0,
        0,
        null,
        0,
        null,
        null
      ],
      "/Users/benstein/Desktop/Git/datespot_backend/app/admin/dashboard.rb": [
        1,
        null,
        9,
        null,
        5,
        2,
        2,
        2,
        2,
        null,
        null,
        null,
        null,
        null,
        null,
        null,
        null,
        null,
        null,
        null,
        null,
        null,
        null,
        null,
        null,
        null,
        null,
        null,
        null,
        null,
        null,
        null,
        null
      ],
      "/Users/benstein/Desktop/Git/datespot_backend/app/admin/datespot.rb": [
        1,
        1,
        null,
        1,
        0,
        0,
        0,
        0,
        0,
        0,
        0,
        null,
        null,
        null,
        1,
        1,
        1,
        1,
        1,
        1,
        1,
        1,
        null,
        1,
        null,
        null
      ],
      "/Users/benstein/Desktop/Git/datespot_backend/app/models/datespot.rb": [
        1,
        1,
        1,
        1,
        1,
        1,
        1,
        1,
        1,
        1,
        null,
        null,
        null,
        null,
        null,
        null,
        null,
        null,
        null,
        null,
        null,
        null,
        null,
        null,
        null,
        null,
        null,
        null,
        null,
        null,
        null,
        null,
        null,
        null,
        null,
        null,
        null,
        null,
        null,
        null,
        null,
        null,
        null
      ],
      "/Users/benstein/Desktop/Git/datespot_backend/app/models/user.rb": [
        1,
        null,
        1,
        null,
        null,
        null,
        1,
        null,
        null,
        1,
        null,
        1,
        2,
        null,
        null
      ],
      "/Users/benstein/Desktop/Git/datespot_backend/app/mailers/application_mailer.rb": [
        0,
        0,
        0,
        0
      ]
    },
    "timestamp": 1491330391
  }
}
